[     114ms] [WARNING] WebSocket connection to 'ws://localhost:23706/api/admin/notifications/stream' failed: WebSocket is closed before the connection is established. @ http://localhost:23706/src/components/notification-bell.tsx:109
[     456ms] [ERROR] In HTML, %s cannot be a descendant of <%s>.
This will cause a hydration error.%s <div> p 

  ...
    <Provider value={{...}}>
      <@mantine/core/Box component="table" variant={undefined} ref={null} mod={[...]} className="m_b23fa0ef..." ...>
        <table ref={null} style={{...}} className="m_b23fa0ef..." data-variant={undefined} data-size={undefined} ...>
          <@mantine/core/TableThead>
          <@mantine/core/TableTbody>
            <@mantine/core/Box component="tbody" ref={null} className="m_b2404537..." style={{}}>
              <tbody ref={null} style={{}} className="m_b2404537..." data-variant={undefined} data-size={undefined} ...>
                <@mantine/core/TableTr bg={undefined}>
                  <@mantine/core/Box component="tr" ref={null} data-with-row-border={true} data-striped="odd" ...>
                    <tr ref={null} style={{}} className="m_4e7aa4fd..." data-variant={undefined} data-size={undefined} ...>
                      <@mantine/core/TableTd>
                      <@mantine/core/TableTd>
                      <@mantine/core/TableTd>
                        <@mantine/core/Box component="td" ref={null} className="m_4e7aa4ef..." style={{}}>
                          <td ref={null} style={{}} className="m_4e7aa4ef..." data-variant={undefined} ...>
                            <@mantine/core/Text size="sm" fw={500} style={{cursor:"po..."}} c="blue" ...>
                              <@mantine/core/Box className="mantine-fo..." style={{...}} ref={null} component="p" ...>
>                               <p
>                                 ref={null}
>                                 style={{--text-fz:"var(--mant...",--text-lh:"var(--mant...",cursor:"pointer",color:"var(--mant...", ...}}
>                                 className="mantine-focus-auto m_b6d8b162 mantine-Text-root"
>                                 data-variant={undefined}
>                                 data-size="sm"
>                                 size={undefined}
>                                 onClick={function onClick}
>                               >
                                  <@mantine/core/Badge variant="light" size="xs" ml={6}>
                                    <@mantine/core/Box variant="light" mod={[...]} className="m_347db0ec..." ...>
>                                     <div
>                                       ref={null}
>                                       style={{--badge-height:"var(--badg...",--badge-padding-x:"var(--badg...",--badge-fz:"va...", ...}}
>                                       className="m_347db0ec mantine-Badge-root"
>                                       data-variant="light"
>                                       data-size="xs"
>                                       size={undefined}
>                                     >
                      ...
                ...
 @ http://localhost:23706/node_modules/.vite/deps/chunk-KJOM3GLF.js?v=1ace8865:2610
[     456ms] [ERROR] <%s> cannot contain a nested %s.
See this log for the ancestor stack trace. p <div> @ http://localhost:23706/node_modules/.vite/deps/chunk-KJOM3GLF.js?v=1ace8865:2610
